  swex_escape.cpp
c:\users\nanhee\source\repos\swex_escape\swex_escape\swex_escape.cpp(17): warning C4805: '!=': 연산에 '_Ty' 형식과 'bool' 형식을 함께 사용하는 것은 안전하지 않습니다.
          with
          [
              _Ty=int
          ]
c:\users\nanhee\source\repos\swex_escape\swex_escape\swex_escape.cpp(70): warning C4805: '!=': 연산에 '_Ty' 형식과 'bool' 형식을 함께 사용하는 것은 안전하지 않습니다.
          with
          [
              _Ty=int
          ]
c:\users\nanhee\source\repos\swex_escape\swex_escape\swex_escape.cpp(151): warning C4996: 'freopen': This function or variable may be unsafe. Consider using freopen_s instead. To disable deprecation, use _CRT_SECURE_NO_WARNINGS. See online help for details.
  c:\program files (x86)\windows kits\10\include\10.0.17763.0\ucrt\stdio.h(243): note: 'freopen' 선언을 참조하십시오.
c:\users\nanhee\source\repos\swex_escape\swex_escape\swex_escape.cpp(153): warning C4996: 'scanf': This function or variable may be unsafe. Consider using scanf_s instead. To disable deprecation, use _CRT_SECURE_NO_WARNINGS. See online help for details.
  c:\program files (x86)\windows kits\10\include\10.0.17763.0\ucrt\stdio.h(1274): note: 'scanf' 선언을 참조하십시오.
c:\users\nanhee\source\repos\swex_escape\swex_escape\swex_escape.cpp(156): warning C4996: 'scanf': This function or variable may be unsafe. Consider using scanf_s instead. To disable deprecation, use _CRT_SECURE_NO_WARNINGS. See online help for details.
  c:\program files (x86)\windows kits\10\include\10.0.17763.0\ucrt\stdio.h(1274): note: 'scanf' 선언을 참조하십시오.
c:\users\nanhee\source\repos\swex_escape\swex_escape\swex_escape.cpp(170): warning C4996: 'scanf': This function or variable may be unsafe. Consider using scanf_s instead. To disable deprecation, use _CRT_SECURE_NO_WARNINGS. See online help for details.
  c:\program files (x86)\windows kits\10\include\10.0.17763.0\ucrt\stdio.h(1274): note: 'scanf' 선언을 참조하십시오.
  swex_escape.vcxproj -> C:\Users\Nanhee\source\repos\swex_escape\Debug\swex_escape.exe
