  kakao_openchattingroom.cpp
c:\users\nanhee\source\repos\kakao_openchattingroom\kakao_openchattingroom\kakao_openchattingroom.cpp(14): error C2976: 'std::map': 템플릿 인수가 너무 적습니다.
  c:\program files (x86)\microsoft visual studio\2017\community\vc\tools\msvc\14.16.27023\include\map(81): note: 'std::map' 선언을 참조하십시오.
c:\users\nanhee\source\repos\kakao_openchattingroom\kakao_openchattingroom\kakao_openchattingroom.cpp(14): error C2133: 'user': 알 수 없는 크기입니다.
c:\users\nanhee\source\repos\kakao_openchattingroom\kakao_openchattingroom\kakao_openchattingroom.cpp(14): error C2512: 'std::map': 사용할 수 있는 적절한 기본 생성자가 없습니다.
  c:\program files (x86)\microsoft visual studio\2017\community\vc\tools\msvc\14.16.27023\include\map(81): note: 'std::map' 선언을 참조하십시오.
c:\users\nanhee\source\repos\kakao_openchattingroom\kakao_openchattingroom\kakao_openchattingroom.cpp(31): error C2678: 이항 '[': 왼쪽 피연산자로 'std::map' 형식을 사용하는 연산자가 없거나 허용되는 변환이 없습니다.
  c:\program files (x86)\microsoft visual studio\2017\community\vc\tools\msvc\14.16.27023\include\map(361): note: '_Ty &std::map<_Kty,_Ty,_Pr,_Alloc>::operator [](const _Kty &)'일 수 있습니다.
  c:\program files (x86)\microsoft visual studio\2017\community\vc\tools\msvc\14.16.27023\include\map(197): note: 또는       '_Ty &std::map<_Kty,_Ty,_Pr,_Alloc>::operator [](_Kty &&)'
  c:\users\nanhee\source\repos\kakao_openchattingroom\kakao_openchattingroom\kakao_openchattingroom.cpp(31): note: 인수 목록 '(std::map, char *)'을(를) 일치시키는 동안
c:\users\nanhee\source\repos\kakao_openchattingroom\kakao_openchattingroom\kakao_openchattingroom.cpp(79): error C2678: 이항 '[': 왼쪽 피연산자로 'std::map' 형식을 사용하는 연산자가 없거나 허용되는 변환이 없습니다.
  c:\program files (x86)\microsoft visual studio\2017\community\vc\tools\msvc\14.16.27023\include\map(361): note: '_Ty &std::map<_Kty,_Ty,_Pr,_Alloc>::operator [](const _Kty &)'일 수 있습니다.
  c:\program files (x86)\microsoft visual studio\2017\community\vc\tools\msvc\14.16.27023\include\map(197): note: 또는       '_Ty &std::map<_Kty,_Ty,_Pr,_Alloc>::operator [](_Kty &&)'
  c:\users\nanhee\source\repos\kakao_openchattingroom\kakao_openchattingroom\kakao_openchattingroom.cpp(79): note: 인수 목록 '(std::map, std::string)'을(를) 일치시키는 동안
c:\users\nanhee\source\repos\kakao_openchattingroom\kakao_openchattingroom\kakao_openchattingroom.cpp(91): error C2678: 이항 '[': 왼쪽 피연산자로 'std::map' 형식을 사용하는 연산자가 없거나 허용되는 변환이 없습니다.
  c:\program files (x86)\microsoft visual studio\2017\community\vc\tools\msvc\14.16.27023\include\map(361): note: '_Ty &std::map<_Kty,_Ty,_Pr,_Alloc>::operator [](const _Kty &)'일 수 있습니다.
  c:\program files (x86)\microsoft visual studio\2017\community\vc\tools\msvc\14.16.27023\include\map(197): note: 또는       '_Ty &std::map<_Kty,_Ty,_Pr,_Alloc>::operator [](_Kty &&)'
  c:\users\nanhee\source\repos\kakao_openchattingroom\kakao_openchattingroom\kakao_openchattingroom.cpp(91): note: 인수 목록 '(std::map, std::string)'을(를) 일치시키는 동안
c:\users\nanhee\source\repos\kakao_openchattingroom\kakao_openchattingroom\kakao_openchattingroom.cpp(24): warning C4996: 'strcpy': This function or variable may be unsafe. Consider using strcpy_s instead. To disable deprecation, use _CRT_SECURE_NO_WARNINGS. See online help for details.
  c:\program files (x86)\windows kits\10\include\10.0.17763.0\ucrt\string.h(133): note: 'strcpy' 선언을 참조하십시오.
c:\users\nanhee\source\repos\kakao_openchattingroom\kakao_openchattingroom\kakao_openchattingroom.cpp(26): warning C4996: 'strtok': This function or variable may be unsafe. Consider using strtok_s instead. To disable deprecation, use _CRT_SECURE_NO_WARNINGS. See online help for details.
  c:\program files (x86)\windows kits\10\include\10.0.17763.0\ucrt\string.h(440): note: 'strtok' 선언을 참조하십시오.
c:\users\nanhee\source\repos\kakao_openchattingroom\kakao_openchattingroom\kakao_openchattingroom.cpp(27): warning C4996: 'strtok': This function or variable may be unsafe. Consider using strtok_s instead. To disable deprecation, use _CRT_SECURE_NO_WARNINGS. See online help for details.
  c:\program files (x86)\windows kits\10\include\10.0.17763.0\ucrt\string.h(440): note: 'strtok' 선언을 참조하십시오.
c:\users\nanhee\source\repos\kakao_openchattingroom\kakao_openchattingroom\kakao_openchattingroom.cpp(30): warning C4996: 'strtok': This function or variable may be unsafe. Consider using strtok_s instead. To disable deprecation, use _CRT_SECURE_NO_WARNINGS. See online help for details.
  c:\program files (x86)\windows kits\10\include\10.0.17763.0\ucrt\string.h(440): note: 'strtok' 선언을 참조하십시오.
c:\users\nanhee\source\repos\kakao_openchattingroom\kakao_openchattingroom\kakao_openchattingroom.cpp(65): warning C4996: 'strcpy': This function or variable may be unsafe. Consider using strcpy_s instead. To disable deprecation, use _CRT_SECURE_NO_WARNINGS. See online help for details.
  c:\program files (x86)\windows kits\10\include\10.0.17763.0\ucrt\string.h(133): note: 'strcpy' 선언을 참조하십시오.
c:\users\nanhee\source\repos\kakao_openchattingroom\kakao_openchattingroom\kakao_openchattingroom.cpp(67): warning C4996: 'strtok': This function or variable may be unsafe. Consider using strtok_s instead. To disable deprecation, use _CRT_SECURE_NO_WARNINGS. See online help for details.
  c:\program files (x86)\windows kits\10\include\10.0.17763.0\ucrt\string.h(440): note: 'strtok' 선언을 참조하십시오.
c:\users\nanhee\source\repos\kakao_openchattingroom\kakao_openchattingroom\kakao_openchattingroom.cpp(68): warning C4996: 'strtok': This function or variable may be unsafe. Consider using strtok_s instead. To disable deprecation, use _CRT_SECURE_NO_WARNINGS. See online help for details.
  c:\program files (x86)\windows kits\10\include\10.0.17763.0\ucrt\string.h(440): note: 'strtok' 선언을 참조하십시오.
